<?xml version="1.0" encoding="UTF-8"?>
<testsuite name="cn.traintrip.core.CoreTest" tests="7" skipped="0" failures="0" errors="0" timestamp="2026-09-19T01:53:34.425Z" hostname="DJX34Q0R35" time="0.133">
  <properties/>
  <testcase name="searchFailureDoesNotBlockAndRetryKeepsSuccesses" classname="cn.traintrip.core.CoreTest" time="0.043"/>
  <testcase name="historicalOfficialFixtureMatchesKnownFields" classname="cn.traintrip.core.CoreTest" time="0.011"/>
  <testcase name="cityGroupingAndDuplicates" classname="cn.traintrip.core.CoreTest" time="0.008"/>
  <testcase name="sourceParserRejectsUnknownProtocolAndPreservesBoardingDate" classname="cn.traintrip.core.CoreTest" time="0.01"/>
  <testcase name="cancellationDoesNotBecomeAnEmptySuccess" classname="cn.traintrip.core.CoreTest" time="0.042"/>
  <testcase name="inventoryDoesNotInventCountsOrCombineSeats" classname="cn.traintrip.core.CoreTest" time="0.004"/>
  <testcase name="midnightAndEndpoints" classname="cn.traintrip.core.CoreTest" time="0.014"/>
  <system-out><![CDATA[]]></system-out>
  <system-err><![CDATA[]]></system-err>
</testsuite>
