<?xml version="1.0" encoding="UTF-8"?>
<testsuite name="cn.traintrip.core.SearchEngineTest" tests="6" skipped="0" failures="0" errors="0" timestamp="2026-09-19T01:53:34.653Z" hostname="DJX34Q0R35" time="0.176">
  <properties/>
  <testcase name="defaultSpacingIsPreservedAfterFailure" classname="cn.traintrip.core.SearchEngineTest" time="0.07"/>
  <testcase name="sourceCancellationPropagatesWithoutRecordingFailure" classname="cn.traintrip.core.SearchEngineTest" time="0.014"/>
  <testcase name="repeatedFailuresAndNotOnSaleDoNotStopThePlan" classname="cn.traintrip.core.SearchEngineTest" time="0.021"/>
  <testcase name="parserFailureDoesNotBlockLaterDates" classname="cn.traintrip.core.SearchEngineTest" time="0.04"/>
  <testcase name="cancellationKeepsCompletedResultsAndSkipsLaterQueries" classname="cn.traintrip.core.SearchEngineTest" time="0.019"/>
  <testcase name="thrownQueryExceptionIsRecordedAndLaterQueryRuns" classname="cn.traintrip.core.SearchEngineTest" time="0.01"/>
  <system-out><![CDATA[]]></system-out>
  <system-err><![CDATA[]]></system-err>
</testsuite>
