<?xml version="1.0" encoding="UTF-8"?>
<testsuite name="cn.traintrip.core.DestinationCatalogTest" tests="7" skipped="0" failures="0" errors="0" timestamp="2026-09-19T02:27:39.503Z" hostname="DJX34Q0R35" time="0.05">
  <properties/>
  <testcase name="provinceSearchIncludesEntireDirectoryAndPinyinSearchWorks" classname="cn.traintrip.core.DestinationCatalogTest" time="0.011"/>
  <testcase name="municipalitiesAndCountiesNormalizeWithoutLosingStations" classname="cn.traintrip.core.DestinationCatalogTest" time="0.007"/>
  <testcase name="provinceSortAndPartialStatesStaySeparate" classname="cn.traintrip.core.DestinationCatalogTest" time="0.008"/>
  <testcase name="queryPlanRetainsMergedRailwayCoverageAndDoesNotDuplicate" classname="cn.traintrip.core.DestinationCatalogTest" time="0.005"/>
  <testcase name="splitRailwayGroupAcceptsProtocolButOnlyIncludesSelectedAdministrativeCity" classname="cn.traintrip.core.DestinationCatalogTest" time="0.004"/>
  <testcase name="unrecognizedLiveGroupIsQuarantined" classname="cn.traintrip.core.DestinationCatalogTest" time="0.006"/>
  <testcase name="migrationKeepsFiltersAndMergesDuplicateDestinations" classname="cn.traintrip.core.DestinationCatalogTest" time="0.008"/>
  <system-out><![CDATA[]]></system-out>
  <system-err><![CDATA[]]></system-err>
</testsuite>
