<?xml version="1.0" encoding="UTF-8"?>
<testsuite name="cn.traintrip.core.SearchEngineTest" tests="6" skipped="0" failures="0" errors="0" timestamp="2026-09-19T02:27:39.791Z" hostname="DJX34Q0R35" time="0.232">
  <properties/>
  <testcase name="defaultSpacingIsPreservedAfterFailure" classname="cn.traintrip.core.SearchEngineTest" time="0.089"/>
  <testcase name="sourceCancellationPropagatesWithoutRecordingFailure" classname="cn.traintrip.core.SearchEngineTest" time="0.027"/>
  <testcase name="repeatedFailuresAndNotOnSaleDoNotStopThePlan" classname="cn.traintrip.core.SearchEngineTest" time="0.03"/>
  <testcase name="parserFailureDoesNotBlockLaterDates" classname="cn.traintrip.core.SearchEngineTest" time="0.031"/>
  <testcase name="cancellationKeepsCompletedResultsAndSkipsLaterQueries" classname="cn.traintrip.core.SearchEngineTest" time="0.03"/>
  <testcase name="thrownQueryExceptionIsRecordedAndLaterQueryRuns" classname="cn.traintrip.core.SearchEngineTest" time="0.024"/>
  <system-out><![CDATA[]]></system-out>
  <system-err><![CDATA[]]></system-err>
</testsuite>
