<?xml version="1.0" encoding="UTF-8"?>
<testsuite name="cn.traintrip.core.CoreTest" tests="7" skipped="0" failures="0" errors="0" timestamp="2026-09-19T01:45:10.656Z" hostname="DJX34Q0R35" time="0.158">
  <properties/>
  <testcase name="searchFailureDoesNotBlockAndRetryKeepsSuccesses" classname="cn.traintrip.core.CoreTest" time="0.067"/>
  <testcase name="historicalOfficialFixtureMatchesKnownFields" classname="cn.traintrip.core.CoreTest" time="0.025"/>
  <testcase name="cityGroupingAndDuplicates" classname="cn.traintrip.core.CoreTest" time="0.016"/>
  <testcase name="sourceParserRejectsUnknownProtocolAndPreservesBoardingDate" classname="cn.traintrip.core.CoreTest" time="0.016"/>
  <testcase name="cancellationDoesNotBecomeAnEmptySuccess" classname="cn.traintrip.core.CoreTest" time="0.02"/>
  <testcase name="inventoryDoesNotInventCountsOrCombineSeats" classname="cn.traintrip.core.CoreTest" time="0.005"/>
  <testcase name="midnightAndEndpoints" classname="cn.traintrip.core.CoreTest" time="0.007"/>
  <system-out><![CDATA[]]></system-out>
  <system-err><![CDATA[]]></system-err>
</testsuite>
